<?xml version="1.0" encoding="UTF-8"?>
<!-- Generated by org.testng.reporters.JUnitReportReporter -->
<testsuite hostname="WKWZTP9hkzSNER5" failures="0" tests="3" name="jenkins.SmokeTest" time="50.519" errors="0" timestamp="2022-11-29T21:21:23 IST" skipped="0">
  <testcase classname="jenkins.SmokeTest" name="RightPassword" time="14.628"/>
  <system-out/>
  <testcase classname="jenkins.SmokeTest" name="verifyBlank" time="21.338"/>
  <system-out/>
  <testcase classname="jenkins.SmokeTest" name="WrongPassword" time="14.553"/>
  <system-out/>
</testsuite> <!-- jenkins.SmokeTest -->
