<?xml version="1.0" encoding="UTF-8"?>
<!-- Generated by org.testng.reporters.JUnitReportReporter -->
<testsuite hostname="WKWZTP9hkzSNER5" failures="0" tests="2" name="day5.SeleniumGridDemo3" time="26.269" errors="0" timestamp="2022-11-24T11:55:43 IST" skipped="0">
  <testcase classname="day5.SeleniumGridDemo3" name="testURL" time="12.509"/>
  <system-out/>
  <testcase classname="day5.SeleniumGridDemo3" name="testURL" time="13.760"/>
  <system-out/>
</testsuite> <!-- day5.SeleniumGridDemo3 -->
