<?xml version="1.0" encoding="UTF-8"?>
<!-- Generated by org.testng.reporters.JUnitReportReporter -->
<testsuite hostname="WKWZTP9hkzSNER5" failures="0" tests="1" name="day3.Task7" time="3.956" errors="0" timestamp="2022-11-23T20:33:18 IST" skipped="0">
  <testcase classname="day3.Task7" name="dayThreeProgram" time="3.956"/>
  <system-out/>
</testsuite> <!-- day3.Task7 -->
