<?xml version="1.0" encoding="UTF-8"?>
<!-- Generated by org.testng.reporters.JUnitReportReporter -->
<testsuite hostname="WKWZTP9hkzSNER5" failures="0" tests="1" name="jenkins.ManageCategory" time="5.684" errors="0" timestamp="2022-11-29T21:19:36 IST" skipped="0">
  <testcase classname="jenkins.ManageCategory" name="fun" time="5.684"/>
  <system-out/>
</testsuite> <!-- jenkins.ManageCategory -->
