<?xml version="1.0" encoding="UTF-8"?>
<!-- Generated by org.testng.reporters.JUnitReportReporter -->
<testsuite hostname="WKWZTP9hkzSNER5" failures="0" tests="1" name="day4.Rough" time="8.218" errors="0" timestamp="2022-11-23T20:43:10 IST" skipped="0">
  <testcase classname="day4.Rough" name="sample" time="8.218"/>
  <system-out/>
</testsuite> <!-- day4.Rough -->
