<?xml version="1.0" encoding="UTF-8"?>
<!-- Generated by org.testng.reporters.JUnitReportReporter -->
<testsuite hostname="WKWZTP9hkzSNER5" failures="0" tests="1" name="day2.HandleDynamicElements3" time="12.955" errors="0" timestamp="2022-11-23T20:33:18 IST" skipped="0">
  <testcase classname="day2.HandleDynamicElements3" name="chromeDemo3" time="12.955"/>
  <system-out/>
</testsuite> <!-- day2.HandleDynamicElements3 -->
