<?xml version="1.0" encoding="UTF-8"?>
<!-- Generated by org.testng.reporters.JUnitReportReporter -->
<testsuite hostname="WKWZTP9hkzSNER5" failures="0" tests="1" name="day4.testDataGeneration" time="0.024" errors="0" timestamp="2022-11-29T10:03:11 IST" skipped="0">
  <testcase classname="day4.testDataGeneration" name="sample" time="0.024"/>
  <system-out/>
</testsuite> <!-- day4.testDataGeneration -->
