<?xml version="1.0" encoding="UTF-8"?>
<!-- Generated by org.testng.reporters.JUnitReportReporter -->
<testsuite hostname="WKWZTP9hkzSNER5" failures="0" tests="1" name="day2.HandleAugoSuggestions" time="7.151" errors="0" timestamp="2022-11-23T20:33:18 IST" skipped="0">
  <testcase classname="day2.HandleAugoSuggestions" name="chromeDemo" time="7.151"/>
  <system-out/>
</testsuite> <!-- day2.HandleAugoSuggestions -->
