<?xml version="1.0" encoding="UTF-8"?>
<!-- Generated by org.testng.reporters.JUnitReportReporter -->
<testsuite hostname="WKWZTP9hkzSNER5" failures="0" tests="1" name="day5.SeleniumGridDemo" time="11.289" errors="0" timestamp="2022-11-24T10:14:46 IST" skipped="0">
  <testcase classname="day5.SeleniumGridDemo" name="testURL" time="11.289"/>
  <system-out/>
</testsuite> <!-- day5.SeleniumGridDemo -->
