<?xml version="1.0" encoding="UTF-8"?>
<!-- Generated by org.testng.reporters.JUnitReportReporter -->
<testsuite hostname="WKWZTP9hkzSNER5" failures="0" tests="1" name="day4.ReadingExcel3" time="1.508" errors="0" timestamp="2022-11-29T20:45:01 IST" skipped="0">
  <testcase classname="day4.ReadingExcel3" name="TestData" time="1.508"/>
  <system-out/>
</testsuite> <!-- day4.ReadingExcel3 -->
