<?xml version="1.0" encoding="UTF-8"?>
<!-- Generated by org.testng.reporters.JUnitReportReporter -->
<testsuite hostname="WKWZTP9hkzSNER5" failures="0" tests="1" name="day5.Sample" time="8.383" errors="0" timestamp="2022-11-24T15:50:17 IST" skipped="0">
  <testcase classname="day5.Sample" name="sample" time="8.383"/>
  <system-out/>
</testsuite> <!-- day5.Sample -->
